TN:
SF:src/app.ts
FNF:0
FNH:0
DA:1,2
DA:2,2
DA:3,2
DA:4,2
DA:5,2
DA:6,2
DA:7,2
DA:8,2
DA:9,2
DA:10,2
DA:11,2
DA:12,2
DA:13,2
DA:14,2
DA:15,2
DA:16,2
DA:17,2
DA:18,2
DA:19,2
DA:20,2
DA:21,2
DA:22,2
DA:23,2
LF:23
LH:23
BRF:0
BRH:0
end_of_record
TN:
SF:src/middleware/auth.ts
FN:4,authMiddleware
FNF:1
FNH:1
FNDA:28,authMiddleware
DA:1,2
DA:2,2
DA:3,2
DA:4,2
DA:5,28
DA:6,28
DA:7,28
DA:8,28
DA:9,28
DA:10,28
DA:11,28
DA:12,28
DA:13,28
DA:14,28
DA:15,28
DA:16,0
DA:17,0
DA:18,28
DA:19,0
DA:20,0
DA:21,0
DA:22,0
DA:23,0
DA:24,0
DA:25,0
DA:26,0
DA:27,0
DA:28,0
DA:29,0
DA:30,28
DA:31,0
DA:32,0
DA:33,28
DA:34,2
DA:35,2
LF:35
LH:20
BRDA:4,0,0,28
BRDA:15,1,0,0
BRDA:18,2,0,0
BRDA:30,3,0,0
BRF:4
BRH:1
end_of_record
TN:
SF:src/middleware/error-handler.ts
FN:3,errorHandler
FNF:1
FNH:1
FNDA:14,errorHandler
DA:1,2
DA:2,2
DA:3,14
DA:4,14
DA:5,14
DA:6,14
DA:7,0
DA:8,0
DA:9,14
DA:10,14
DA:11,0
DA:12,0
DA:13,14
DA:14,14
DA:15,0
DA:16,0
DA:17,14
DA:18,14
DA:19,14
LF:19
LH:13
BRDA:3,0,0,14
BRDA:6,1,0,0
BRDA:10,2,0,0
BRDA:14,3,0,0
BRF:4
BRH:1
end_of_record
TN:
SF:src/middleware/logger.ts
FN:6,requestLogger
FNF:1
FNH:1
FNDA:14,requestLogger
DA:1,2
DA:2,2
DA:3,2
DA:4,2
DA:5,2
DA:6,2
DA:7,14
DA:8,14
DA:9,14
DA:10,14
DA:11,2
LF:11
LH:11
BRDA:6,0,0,14
BRF:1
BRH:1
end_of_record
TN:
SF:src/task/task.controller.ts
FN:8,TaskController
FN:12,Object.<anonymous>.TaskController.getAllTasks
FN:21,Object.<anonymous>.TaskController.getTaskById
FN:34,Object.<anonymous>.TaskController.createTask
FN:44,Object.<anonymous>.TaskController.updateTask
FN:58,Object.<anonymous>.TaskController.deleteTask
FNF:6
FNH:5
FNDA:2,TaskController
FNDA:2,Object.<anonymous>.TaskController.getAllTasks
FNDA:2,Object.<anonymous>.TaskController.getTaskById
FNDA:0,Object.<anonymous>.TaskController.createTask
FNDA:2,Object.<anonymous>.TaskController.updateTask
FNDA:2,Object.<anonymous>.TaskController.deleteTask
DA:1,2
DA:2,2
DA:3,2
DA:4,2
DA:5,2
DA:6,2
DA:7,2
DA:8,2
DA:9,2
DA:10,2
DA:11,2
DA:12,2
DA:13,2
DA:14,2
DA:15,2
DA:16,2
DA:17,2
DA:18,2
DA:19,2
DA:20,2
DA:21,2
DA:22,2
DA:23,2
DA:24,2
DA:25,2
DA:26,2
DA:27,2
DA:28,2
DA:29,2
DA:30,2
DA:31,2
DA:32,2
DA:33,2
DA:34,2
DA:35,0
DA:36,0
DA:37,0
DA:38,0
DA:39,0
DA:40,0
DA:41,0
DA:42,0
DA:43,2
DA:44,2
DA:45,2
DA:46,2
DA:47,2
DA:48,2
DA:49,2
DA:50,2
DA:51,2
DA:52,2
DA:53,2
DA:54,2
DA:55,2
DA:56,2
DA:57,2
DA:58,2
DA:59,2
DA:60,2
DA:61,2
DA:62,2
DA:63,2
DA:64,2
DA:65,2
DA:66,2
DA:67,2
DA:68,2
DA:69,2
DA:70,2
DA:71,2
DA:72,2
LF:72
LH:64
BRDA:5,0,0,2
BRDA:8,1,0,2
BRDA:12,2,0,2
BRDA:21,3,0,2
BRDA:44,4,0,2
BRDA:58,5,0,2
BRF:6
BRH:6
end_of_record
TN:
SF:src/task/task.routes.ts
FNF:0
FNH:0
DA:1,2
DA:2,2
DA:3,2
DA:4,2
DA:5,2
DA:6,2
DA:7,2
DA:8,2
DA:9,2
DA:10,2
DA:11,2
DA:12,2
DA:13,2
DA:14,2
DA:15,2
DA:16,2
DA:17,2
DA:18,2
DA:19,2
DA:20,2
DA:21,2
DA:22,2
DA:23,2
DA:24,2
DA:25,2
DA:26,2
DA:27,2
DA:28,2
DA:29,2
DA:30,2
DA:31,2
DA:32,2
DA:33,2
DA:34,2
DA:35,2
DA:36,2
DA:37,2
DA:38,2
DA:39,2
DA:40,2
DA:41,2
DA:42,2
DA:43,2
DA:44,2
LF:44
LH:44
BRF:0
BRH:0
end_of_record
TN:
SF:src/task/task.service.ts
FN:6,TaskService
FN:9,Object.<anonymous>.TaskService.getAllTasks
FN:13,Object.<anonymous>.TaskService.getTaskById
FN:17,Object.<anonymous>.TaskService.createTask
FN:21,Object.<anonymous>.TaskService.updateTask
FN:25,Object.<anonymous>.TaskService.deleteTask
FN:28,Object.<anonymous>.TaskService.deleteAllTasks
FNF:7
FNH:7
FNDA:4,TaskService
FNDA:2,Object.<anonymous>.TaskService.getAllTasks
FNDA:2,Object.<anonymous>.TaskService.getTaskById
FNDA:14,Object.<anonymous>.TaskService.createTask
FNDA:2,Object.<anonymous>.TaskService.updateTask
FNDA:2,Object.<anonymous>.TaskService.deleteTask
FNDA:24,Object.<anonymous>.TaskService.deleteAllTasks
DA:1,2
DA:2,2
DA:3,2
DA:4,2
DA:5,2
DA:6,2
DA:7,4
DA:8,4
DA:9,2
DA:10,2
DA:11,2
DA:12,2
DA:13,2
DA:14,2
DA:15,2
DA:16,2
DA:17,2
DA:18,14
DA:19,14
DA:20,2
DA:21,2
DA:22,2
DA:23,2
DA:24,2
DA:25,2
DA:26,2
DA:27,2
DA:28,2
DA:29,24
DA:30,24
DA:31,2
LF:31
LH:31
BRDA:4,0,0,2
BRDA:6,1,0,4
BRDA:9,2,0,2
BRDA:13,3,0,2
BRDA:17,4,0,14
BRDA:21,5,0,2
BRDA:25,6,0,2
BRDA:28,7,0,24
BRDA:29,8,0,24
BRF:9
BRH:9
end_of_record
TN:
SF:src/task/task.validation.ts
FN:10,validateTask
FNF:1
FNH:1
FNDA:2,validateTask
DA:1,2
DA:2,2
DA:3,2
DA:4,2
DA:5,2
DA:6,2
DA:7,2
DA:8,2
DA:9,2
DA:10,2
DA:11,2
DA:12,2
DA:13,0
DA:14,0
DA:15,2
DA:16,2
DA:17,2
DA:18,2
LF:18
LH:16
BRDA:10,0,0,2
BRDA:12,1,0,0
BRF:2
BRH:1
end_of_record
TN:
SF:src/utils/logger.ts
FN:7,Logger
FN:22,Object.<anonymous>.Logger.getInstance
FN:29,Object.<anonymous>.Logger.logRequest
FNF:3
FNH:3
FNDA:2,Logger
FNDA:2,Object.<anonymous>.Logger.getInstance
FNDA:20,Object.<anonymous>.Logger.logRequest
DA:1,2
DA:2,2
DA:3,2
DA:4,2
DA:5,2
DA:6,2
DA:7,2
DA:8,2
DA:9,2
DA:10,2
DA:11,2
DA:12,2
DA:13,2
DA:14,2
DA:15,2
DA:16,2
DA:17,2
DA:18,2
DA:19,2
DA:20,2
DA:21,2
DA:22,2
DA:23,2
DA:24,2
DA:25,2
DA:26,2
DA:27,2
DA:28,2
DA:29,2
DA:30,20
DA:31,20
DA:32,2
DA:33,2
DA:34,2
DA:35,2
LF:35
LH:35
BRDA:3,0,0,2
BRDA:7,1,0,2
BRDA:22,2,0,2
BRDA:29,3,0,20
BRF:4
BRH:4
end_of_record
TN:
SF:src/utils/prisma.ts
FNF:0
FNH:0
DA:1,2
DA:2,2
DA:3,2
DA:4,2
DA:5,2
LF:5
LH:5
BRF:0
BRH:0
end_of_record
